<?xml version="1.0" encoding="UTF-8"?>
<!-- Generated by org.testng.reporters.JUnitXMLReporter -->
<testsuite ignored="0" hostname="TXCHD-LAP-278" failures="0" tests="4" name="Regression Test" time="37.994" errors="0" timestamp="2025-05-29T19:34:46 IST">
  <testcase classname="TestClass" name="getTitle1" time="1.917"/>
  <testcase classname="TestClass" name="getTitle2" time="2.056"/>
  <testcase classname="TestClass" name="getTitle3" time="6.549"/>
  <testcase classname="TestClass" name="getTitle4" time="3.812"/>
</testsuite> <!-- Regression Test -->
