<?xml version="1.0" encoding="UTF-8"?>
<testng-results ignored="0" total="3" passed="3" failed="0" skipped="0">
  <reporter-output>
  </reporter-output>
  <suite started-at="2025-05-29T18:44:46 IST" name="Automation Suite" finished-at="2025-05-29T18:45:16 IST" duration-ms="29335">
    <groups>
    </groups>
    <test started-at="2025-05-29T18:44:46 IST" name="Regression Test" finished-at="2025-05-29T18:45:16 IST" duration-ms="29335">
      <class name="TestClass">
        <test-method is-config="true" signature="launchBrowser()[pri:0, instance:TestClass@324a0017]" started-at="2025-05-29T18:44:46 IST" name="launchBrowser" finished-at="2025-05-29T18:44:50 IST" duration-ms="3578" status="PASS">
          <reporter-output>
          </reporter-output>
        </test-method> <!-- launchBrowser -->
        <test-method signature="getTitle1()[pri:0, instance:TestClass@324a0017]" started-at="2025-05-29T18:44:50 IST" name="getTitle1" finished-at="2025-05-29T18:44:52 IST" duration-ms="1704" status="PASS">
          <reporter-output>
          </reporter-output>
        </test-method> <!-- getTitle1 -->
        <test-method is-config="true" signature="quitBrowser()[pri:0, instance:TestClass@324a0017]" started-at="2025-05-29T18:44:52 IST" name="quitBrowser" finished-at="2025-05-29T18:44:53 IST" duration-ms="1609" status="PASS">
          <reporter-output>
          </reporter-output>
        </test-method> <!-- quitBrowser -->
        <test-method is-config="true" signature="launchBrowser()[pri:0, instance:TestClass@324a0017]" started-at="2025-05-29T18:44:53 IST" name="launchBrowser" finished-at="2025-05-29T18:44:56 IST" duration-ms="3202" status="PASS">
          <reporter-output>
          </reporter-output>
        </test-method> <!-- launchBrowser -->
        <test-method signature="getTitle2()[pri:0, instance:TestClass@324a0017]" started-at="2025-05-29T18:44:56 IST" name="getTitle2" finished-at="2025-05-29T18:44:59 IST" duration-ms="2476" status="PASS">
          <reporter-output>
          </reporter-output>
        </test-method> <!-- getTitle2 -->
        <test-method is-config="true" signature="quitBrowser()[pri:0, instance:TestClass@324a0017]" started-at="2025-05-29T18:44:59 IST" name="quitBrowser" finished-at="2025-05-29T18:45:01 IST" duration-ms="2051" status="PASS">
          <reporter-output>
          </reporter-output>
        </test-method> <!-- quitBrowser -->
        <test-method is-config="true" signature="launchBrowser()[pri:0, instance:TestClass@324a0017]" started-at="2025-05-29T18:45:01 IST" name="launchBrowser" finished-at="2025-05-29T18:45:05 IST" duration-ms="3933" status="PASS">
          <reporter-output>
          </reporter-output>
        </test-method> <!-- launchBrowser -->
        <test-method signature="getTitle3()[pri:0, instance:TestClass@324a0017]" started-at="2025-05-29T18:45:05 IST" name="getTitle3" finished-at="2025-05-29T18:45:13 IST" duration-ms="8308" status="PASS">
          <reporter-output>
          </reporter-output>
        </test-method> <!-- getTitle3 -->
        <test-method is-config="true" signature="quitBrowser()[pri:0, instance:TestClass@324a0017]" started-at="2025-05-29T18:45:13 IST" name="quitBrowser" finished-at="2025-05-29T18:45:16 IST" duration-ms="2421" status="PASS">
          <reporter-output>
          </reporter-output>
        </test-method> <!-- quitBrowser -->
      </class> <!-- TestClass -->
    </test> <!-- Regression Test -->
  </suite> <!-- Automation Suite -->
</testng-results>
